<?xml version="1.0" encoding="UTF-8"?>
<robot generated="20180426 16:47:02.362" generator="Robot 3.0.3 (Python 2.7.10 on darwin)">
<suite source="/Users/ironman/Downloads/demoToy/ui_test/searchByGender.robot" id="s1" name="searchByGender">
<test id="s1-t1" name="Navigate">
<kw name="Open index page">
<kw name="Open Browser" library="SeleniumLibrary">
<doc>Opens a new browser instance to the given ``url``.</doc>
<arguments>
<arg>http://128.199.66.198:8080/index.html</arg>
<arg>browser=gc</arg>
</arguments>
<msg timestamp="20180426 16:47:02.468" level="INFO">Opening browser 'gc' to base url 'http://128.199.66.198:8080/index.html'.</msg>
<status status="PASS" endtime="20180426 16:47:06.166" starttime="20180426 16:47:02.467"></status>
</kw>
<status status="PASS" endtime="20180426 16:47:06.167" starttime="20180426 16:47:02.467"></status>
</kw>
<kw name="Search by Gender">
<kw name="Wait Until Element Is Enabled" library="SeleniumLibrary">
<doc>Waits until element ``locator`` is enabled.</doc>
<arguments>
<arg>genderCombo</arg>
</arguments>
<status status="PASS" endtime="20180426 16:47:06.278" starttime="20180426 16:47:06.169"></status>
</kw>
<kw name="Select From List By Label" library="SeleniumLibrary">
<doc>Selects options from selection list ``locator`` by ``labels``.</doc>
<arguments>
<arg>genderCombo</arg>
<arg>Neutral</arg>
</arguments>
<msg timestamp="20180426 16:47:06.279" level="INFO">Selecting options from selection list 'genderCombo' by label Neutral.</msg>
<status status="PASS" endtime="20180426 16:47:06.523" starttime="20180426 16:47:06.279"></status>
</kw>
<kw name="Click Button" library="SeleniumLibrary">
<doc>Clicks button identified by ``locator``.</doc>
<arguments>
<arg>searchButton</arg>
</arguments>
<msg timestamp="20180426 16:47:06.525" level="INFO">Clicking button 'searchButton'.</msg>
<status status="PASS" endtime="20180426 16:47:06.613" starttime="20180426 16:47:06.524"></status>
</kw>
<kw name="Click Link" library="SeleniumLibrary">
<doc>Clicks a link identified by ``locator``.</doc>
<arguments>
<arg>//*[@id="tableToyResult"]/tbody/tr[8]/td[1]/a</arg>
</arguments>
<msg timestamp="20180426 16:47:06.614" level="INFO">Clicking link '//*[@id="tableToyResult"]/tbody/tr[8]/td[1]/a'.</msg>
<kw name="Capture Page Screenshot" library="SeleniumLibrary">
<doc>Takes screenshot of the current page and embeds it into log file.</doc>
<msg timestamp="20180426 16:47:07.102" html="yes" level="INFO">&lt;/td&gt;&lt;/tr&gt;&lt;tr&gt;&lt;td colspan="3"&gt;&lt;a href="selenium-screenshot-9.png"&gt;&lt;img src="selenium-screenshot-9.png" width="800px"&gt;&lt;/a&gt;</msg>
<status status="PASS" endtime="20180426 16:47:07.103" starttime="20180426 16:47:06.708"></status>
</kw>
<msg timestamp="20180426 16:47:07.157" level="FAIL">StaleElementReferenceException: Message: stale element reference: element is not attached to the page document
  (Session info: chrome=65.0.3325.181)
  (Driver info: chromedriver=2.35.528157 (4429ca2590d6988c0745c24c8858745aaaec01ef),platform=Mac OS X 10.12.6 x86_64)
</msg>
<status status="FAIL" endtime="20180426 16:47:07.157" starttime="20180426 16:47:06.614"></status>
</kw>
<status status="FAIL" endtime="20180426 16:47:07.157" starttime="20180426 16:47:06.168"></status>
</kw>
<status status="FAIL" endtime="20180426 16:47:07.157" critical="yes" starttime="20180426 16:47:02.466">StaleElementReferenceException: Message: stale element reference: element is not attached to the page document
  (Session info: chrome=65.0.3325.181)
  (Driver info: chromedriver=2.35.528157 (4429ca2590d6988c0745c24c8858745aaaec01ef),platform=Mac OS X 10.12.6 x86_64)
</status>
</test>
<status status="FAIL" endtime="20180426 16:47:07.158" starttime="20180426 16:47:02.364"></status>
</suite>
<statistics>
<total>
<stat fail="1" pass="0">Critical Tests</stat>
<stat fail="1" pass="0">All Tests</stat>
</total>
<tag>
</tag>
<suite>
<stat fail="1" id="s1" name="searchByGender" pass="0">searchByGender</stat>
</suite>
</statistics>
<errors>
</errors>
</robot>
